2015-03-09 19:58:09 Warning: Warning (2): Invalid argument supplied for foreach() in [/Applications/MAMP/htdocs/cakephp-1.3.20/app/views/autor/list_autor.ctp, line 44]
2015-03-09 19:59:15 Warning: Warning (2): Invalid argument supplied for foreach() in [/Applications/MAMP/htdocs/cakephp-1.3.20/app/views/autor/list_autor.ctp, line 44]
2015-03-09 19:59:26 Warning: Warning (2): Invalid argument supplied for foreach() in [/Applications/MAMP/htdocs/cakephp-1.3.20/app/views/autor/list_autor.ctp, line 44]
2015-03-09 19:59:39 Warning: Warning (2): Invalid argument supplied for foreach() in [/Applications/MAMP/htdocs/cakephp-1.3.20/app/views/autor/list_autor.ctp, line 44]
2015-03-09 19:59:39 Warning: Warning (2): Invalid argument supplied for foreach() in [/Applications/MAMP/htdocs/cakephp-1.3.20/app/views/autor/list_autor.ctp, line 44]
2015-03-09 19:59:39 Warning: Warning (2): Invalid argument supplied for foreach() in [/Applications/MAMP/htdocs/cakephp-1.3.20/app/views/autor/list_autor.ctp, line 44]
2015-03-09 19:59:40 Warning: Warning (2): Invalid argument supplied for foreach() in [/Applications/MAMP/htdocs/cakephp-1.3.20/app/views/autor/list_autor.ctp, line 44]
2015-03-09 19:59:59 Warning: Warning (2): Invalid argument supplied for foreach() in [/Applications/MAMP/htdocs/cakephp-1.3.20/app/views/autor/list_autor.ctp, line 44]
2015-03-09 20:00:00 Warning: Warning (2): Invalid argument supplied for foreach() in [/Applications/MAMP/htdocs/cakephp-1.3.20/app/views/autor/list_autor.ctp, line 44]
2015-03-09 20:00:00 Warning: Warning (2): Invalid argument supplied for foreach() in [/Applications/MAMP/htdocs/cakephp-1.3.20/app/views/autor/list_autor.ctp, line 44]
2015-03-09 20:00:00 Warning: Warning (2): Invalid argument supplied for foreach() in [/Applications/MAMP/htdocs/cakephp-1.3.20/app/views/autor/list_autor.ctp, line 44]
2015-03-09 20:00:28 Warning: Warning (2): Invalid argument supplied for foreach() in [/Applications/MAMP/htdocs/cakephp-1.3.20/app/views/autor/list_autor.ctp, line 44]
2015-03-09 20:00:28 Warning: Warning (2): Invalid argument supplied for foreach() in [/Applications/MAMP/htdocs/cakephp-1.3.20/app/views/autor/list_autor.ctp, line 44]
2015-03-09 20:00:29 Warning: Warning (2): Invalid argument supplied for foreach() in [/Applications/MAMP/htdocs/cakephp-1.3.20/app/views/autor/list_autor.ctp, line 44]
2015-03-09 20:00:29 Warning: Warning (2): Invalid argument supplied for foreach() in [/Applications/MAMP/htdocs/cakephp-1.3.20/app/views/autor/list_autor.ctp, line 44]
2015-03-09 20:00:33 Warning: Warning (2): Invalid argument supplied for foreach() in [/Applications/MAMP/htdocs/cakephp-1.3.20/app/views/autor/list_autor.ctp, line 44]
2015-03-09 20:00:33 Warning: Warning (2): Invalid argument supplied for foreach() in [/Applications/MAMP/htdocs/cakephp-1.3.20/app/views/autor/list_autor.ctp, line 44]
2015-03-09 20:00:34 Warning: Warning (2): Invalid argument supplied for foreach() in [/Applications/MAMP/htdocs/cakephp-1.3.20/app/views/autor/list_autor.ctp, line 44]
2015-03-09 20:00:44 Warning: Warning (2): Invalid argument supplied for foreach() in [/Applications/MAMP/htdocs/cakephp-1.3.20/app/views/autor/list_autor.ctp, line 44]
2015-03-09 20:00:45 Warning: Warning (2): Invalid argument supplied for foreach() in [/Applications/MAMP/htdocs/cakephp-1.3.20/app/views/autor/list_autor.ctp, line 44]
2015-03-09 20:01:08 Warning: Warning (2): Invalid argument supplied for foreach() in [/Applications/MAMP/htdocs/cakephp-1.3.20/app/views/autor/list_autor.ctp, line 44]
2015-03-09 20:01:08 Warning: Warning (2): Invalid argument supplied for foreach() in [/Applications/MAMP/htdocs/cakephp-1.3.20/app/views/autor/list_autor.ctp, line 44]
2015-03-10 17:07:44 Warning: Warning (512): <span style="color:Red;text-align:left"><b>SQL Error:</b> 1054: Unknown column 'Autor.publicacione_id' in 'on clause'</span> in [/Applications/MAMP/htdocs/cakephp-1.3.20/cake/libs/model/datasources/dbo_source.php, line 685]
2015-03-10 17:07:45 Warning: Warning (2): Invalid argument supplied for foreach() in [/Applications/MAMP/htdocs/cakephp-1.3.20/app/views/administrador/list_post.ctp, line 44]
2015-03-10 17:23:31 Warning: Warning (512): <span style="color:Red;text-align:left"><b>SQL Error:</b> 1054: Unknown column 'Publicacion.Autore_id' in 'field list'</span> in [/Applications/MAMP/htdocs/cakephp-1.3.20/cake/libs/model/datasources/dbo_source.php, line 685]
2015-03-10 17:23:31 Warning: Warning (2): Invalid argument supplied for foreach() in [/Applications/MAMP/htdocs/cakephp-1.3.20/cake/libs/model/datasources/dbo_source.php, line 1105]
2015-03-10 17:23:46 Warning: Warning (512): <span style="color:Red;text-align:left"><b>SQL Error:</b> 1054: Unknown column 'Publicacion.Autore_id' in 'field list'</span> in [/Applications/MAMP/htdocs/cakephp-1.3.20/cake/libs/model/datasources/dbo_source.php, line 685]
2015-03-10 17:23:46 Warning: Warning (2): Invalid argument supplied for foreach() in [/Applications/MAMP/htdocs/cakephp-1.3.20/cake/libs/model/datasources/dbo_source.php, line 1105]
2015-03-10 17:50:50 Warning: Warning (2): Invalid argument supplied for foreach() in [/Applications/MAMP/htdocs/cakephp-1.3.20/app/views/autor/list_autor.ctp, line 50]
2015-03-10 17:51:23 Warning: Warning (2): Invalid argument supplied for foreach() in [/Applications/MAMP/htdocs/cakephp-1.3.20/app/views/autor/list_autor.ctp, line 50]
2015-03-10 17:51:47 Warning: Warning (2): Invalid argument supplied for foreach() in [/Applications/MAMP/htdocs/cakephp-1.3.20/app/views/autor/list_autor.ctp, line 50]
2015-03-10 19:19:33 Warning: Warning (512): <span style="color:Red;text-align:left"><b>SQL Error:</b> 1054: Unknown column 'RecetaIngrediente.ingrediente_id' in 'on clause'</span> in [/Applications/MAMP/htdocs/cakephp-1.3.20/cake/libs/model/datasources/dbo_source.php, line 685]
